FATAL [Thread-6] 2016-04-29 17:52:23,762 repast.simphony.ui.GUIScheduleRunner - RunTimeException when running the schedule
Current tick (30.0)
java.lang.RuntimeException: java.lang.reflect.InvocationTargetException
	at repast.simphony.engine.schedule.CallBackAction.execute(CallBackAction.java:129)
	at repast.simphony.engine.schedule.DefaultAction.execute(DefaultAction.java:38)
	at repast.simphony.engine.schedule.ScheduleGroup.executeList(ScheduleGroup.java:205)
	at repast.simphony.engine.schedule.ScheduleGroup.execute(ScheduleGroup.java:238)
	at repast.simphony.engine.schedule.Schedule.executeEndActions(Schedule.java:363)
	at repast.simphony.ui.GUIScheduleRunner$ScheduleLoopRunnable.run(GUIScheduleRunner.java:63)
	at java.lang.Thread.run(Unknown Source)
Caused by: java.lang.reflect.InvocationTargetException
	at repastcity3.main.ContextManager$$FastClassByCGLIB$$56e46008.invoke(<generated>)
	at net.sf.cglib.reflect.FastMethod.invoke(FastMethod.java:53)
	at repast.simphony.engine.schedule.CallBackAction.execute(CallBackAction.java:127)
	... 6 more
Caused by: java.lang.NoClassDefFoundError: de/micromata/opengis/kml/v_2_2_0/Geometry
	at export.mainExport.<init>(mainExport.java:7)
	at repastcity3.main.ContextManager.end(ContextManager.java:598)
	... 9 more
Caused by: java.lang.ClassNotFoundException: de.micromata.opengis.kml.v_2_2_0.Geometry
	at org.java.plugin.standard.StandardPluginClassLoader.loadClass(Unknown Source)
	at java.lang.ClassLoader.loadClass(Unknown Source)
	... 11 more
FATAL [Thread-6] 2016-04-29 17:53:40,928 repast.simphony.ui.GUIScheduleRunner - RunTimeException when running the schedule
Current tick (3561.0)
java.lang.RuntimeException: java.lang.reflect.InvocationTargetException
	at repast.simphony.engine.schedule.CallBackAction.execute(CallBackAction.java:129)
	at repast.simphony.engine.schedule.DefaultAction.execute(DefaultAction.java:38)
	at repast.simphony.engine.schedule.ScheduleGroup.executeList(ScheduleGroup.java:205)
	at repast.simphony.engine.schedule.ScheduleGroup.execute(ScheduleGroup.java:238)
	at repast.simphony.engine.schedule.Schedule.executeEndActions(Schedule.java:363)
	at repast.simphony.ui.GUIScheduleRunner$ScheduleLoopRunnable.run(GUIScheduleRunner.java:63)
	at java.lang.Thread.run(Unknown Source)
Caused by: java.lang.reflect.InvocationTargetException
	at repastcity3.main.ContextManager$$FastClassByCGLIB$$56e46008.invoke(<generated>)
	at net.sf.cglib.reflect.FastMethod.invoke(FastMethod.java:53)
	at repast.simphony.engine.schedule.CallBackAction.execute(CallBackAction.java:127)
	... 6 more
Caused by: java.lang.NoClassDefFoundError: de/micromata/opengis/kml/v_2_2_0/Geometry
	at export.mainExport.<init>(mainExport.java:7)
	at repastcity3.main.ContextManager.end(ContextManager.java:598)
	... 9 more
Caused by: java.lang.ClassNotFoundException: de.micromata.opengis.kml.v_2_2_0.Geometry
	at org.java.plugin.standard.StandardPluginClassLoader.loadClass(Unknown Source)
	at java.lang.ClassLoader.loadClass(Unknown Source)
	... 11 more
FATAL [Thread-6] 2016-04-29 17:55:12,733 repast.simphony.ui.GUIScheduleRunner - RunTimeException when running the schedule
Current tick (2199.0)
java.lang.RuntimeException: java.lang.reflect.InvocationTargetException
	at repast.simphony.engine.schedule.CallBackAction.execute(CallBackAction.java:129)
	at repast.simphony.engine.schedule.DefaultAction.execute(DefaultAction.java:38)
	at repast.simphony.engine.schedule.ScheduleGroup.executeList(ScheduleGroup.java:205)
	at repast.simphony.engine.schedule.ScheduleGroup.execute(ScheduleGroup.java:238)
	at repast.simphony.engine.schedule.Schedule.executeEndActions(Schedule.java:363)
	at repast.simphony.ui.GUIScheduleRunner$ScheduleLoopRunnable.run(GUIScheduleRunner.java:63)
	at java.lang.Thread.run(Unknown Source)
Caused by: java.lang.reflect.InvocationTargetException
	at repastcity3.main.ContextManager$$FastClassByCGLIB$$56e46008.invoke(<generated>)
	at net.sf.cglib.reflect.FastMethod.invoke(FastMethod.java:53)
	at repast.simphony.engine.schedule.CallBackAction.execute(CallBackAction.java:127)
	... 6 more
Caused by: java.lang.NoClassDefFoundError: de/micromata/opengis/kml/v_2_2_0/Geometry
	at export.mainExport.<init>(mainExport.java:7)
	at repastcity3.main.ContextManager.end(ContextManager.java:598)
	... 9 more
Caused by: java.lang.ClassNotFoundException: de.micromata.opengis.kml.v_2_2_0.Geometry
	at org.java.plugin.standard.StandardPluginClassLoader.loadClass(Unknown Source)
	at java.lang.ClassLoader.loadClass(Unknown Source)
	... 11 more
FATAL [Thread-6] 2016-06-16 13:38:32,899 repast.simphony.ui.GUIScheduleRunner - RunTimeException when running the schedule
Current tick (1457.0)
java.lang.RuntimeException: java.lang.reflect.InvocationTargetException
	at repast.simphony.engine.schedule.CallBackAction.execute(CallBackAction.java:129)
	at repast.simphony.engine.schedule.DefaultAction.execute(DefaultAction.java:38)
	at repast.simphony.engine.schedule.ScheduleGroup.executeList(ScheduleGroup.java:205)
	at repast.simphony.engine.schedule.ScheduleGroup.execute(ScheduleGroup.java:238)
	at repast.simphony.engine.schedule.Schedule.executeEndActions(Schedule.java:363)
	at repast.simphony.ui.GUIScheduleRunner$ScheduleLoopRunnable.run(GUIScheduleRunner.java:63)
	at java.lang.Thread.run(Unknown Source)
Caused by: java.lang.reflect.InvocationTargetException
	at repastcity3.main.ContextManager$$FastClassByCGLIB$$56e46008.invoke(<generated>)
	at net.sf.cglib.reflect.FastMethod.invoke(FastMethod.java:53)
	at repast.simphony.engine.schedule.CallBackAction.execute(CallBackAction.java:127)
	... 6 more
Caused by: java.lang.NoClassDefFoundError: de/micromata/opengis/kml/v_2_2_0/Geometry
	at export.mainExport.<init>(mainExport.java:7)
	at repastcity3.main.ContextManager.end(ContextManager.java:598)
	... 9 more
Caused by: java.lang.ClassNotFoundException: de.micromata.opengis.kml.v_2_2_0.Geometry
	at org.java.plugin.standard.StandardPluginClassLoader.loadClass(Unknown Source)
	at java.lang.ClassLoader.loadClass(Unknown Source)
	... 11 more
FATAL [Thread-6] 2016-06-16 13:39:33,601 repast.simphony.ui.GUIScheduleRunner - RunTimeException when running the schedule
Current tick (747.0)
java.lang.RuntimeException: java.lang.reflect.InvocationTargetException
	at repast.simphony.engine.schedule.CallBackAction.execute(CallBackAction.java:129)
	at repast.simphony.engine.schedule.DefaultAction.execute(DefaultAction.java:38)
	at repast.simphony.engine.schedule.ScheduleGroup.executeList(ScheduleGroup.java:205)
	at repast.simphony.engine.schedule.ScheduleGroup.execute(ScheduleGroup.java:238)
	at repast.simphony.engine.schedule.Schedule.executeEndActions(Schedule.java:363)
	at repast.simphony.ui.GUIScheduleRunner$ScheduleLoopRunnable.run(GUIScheduleRunner.java:63)
	at java.lang.Thread.run(Unknown Source)
Caused by: java.lang.reflect.InvocationTargetException
	at repastcity3.main.ContextManager$$FastClassByCGLIB$$56e46008.invoke(<generated>)
	at net.sf.cglib.reflect.FastMethod.invoke(FastMethod.java:53)
	at repast.simphony.engine.schedule.CallBackAction.execute(CallBackAction.java:127)
	... 6 more
Caused by: java.lang.NoClassDefFoundError: de/micromata/opengis/kml/v_2_2_0/Geometry
	at export.mainExport.<init>(mainExport.java:7)
	at repastcity3.main.ContextManager.end(ContextManager.java:598)
	... 9 more
Caused by: java.lang.ClassNotFoundException: de.micromata.opengis.kml.v_2_2_0.Geometry
	at org.java.plugin.standard.StandardPluginClassLoader.loadClass(Unknown Source)
	at java.lang.ClassLoader.loadClass(Unknown Source)
	... 11 more
FATAL [Thread-6] 2016-06-16 13:40:51,979 repast.simphony.ui.GUIScheduleRunner - RunTimeException when running the schedule
Current tick (253.0)
java.lang.RuntimeException: java.lang.reflect.InvocationTargetException
	at repast.simphony.engine.schedule.CallBackAction.execute(CallBackAction.java:129)
	at repast.simphony.engine.schedule.DefaultAction.execute(DefaultAction.java:38)
	at repast.simphony.engine.schedule.ScheduleGroup.executeList(ScheduleGroup.java:205)
	at repast.simphony.engine.schedule.ScheduleGroup.execute(ScheduleGroup.java:238)
	at repast.simphony.engine.schedule.Schedule.executeEndActions(Schedule.java:363)
	at repast.simphony.ui.GUIScheduleRunner$ScheduleLoopRunnable.run(GUIScheduleRunner.java:63)
	at java.lang.Thread.run(Unknown Source)
Caused by: java.lang.reflect.InvocationTargetException
	at repastcity3.main.ContextManager$$FastClassByCGLIB$$56e46008.invoke(<generated>)
	at net.sf.cglib.reflect.FastMethod.invoke(FastMethod.java:53)
	at repast.simphony.engine.schedule.CallBackAction.execute(CallBackAction.java:127)
	... 6 more
Caused by: java.lang.NoClassDefFoundError: de/micromata/opengis/kml/v_2_2_0/Geometry
	at export.mainExport.<init>(mainExport.java:7)
	at repastcity3.main.ContextManager.end(ContextManager.java:598)
	... 9 more
Caused by: java.lang.ClassNotFoundException: de.micromata.opengis.kml.v_2_2_0.Geometry
	at org.java.plugin.standard.StandardPluginClassLoader.loadClass(Unknown Source)
	at java.lang.ClassLoader.loadClass(Unknown Source)
	... 11 more
WARN  [AWT-EventQueue-0] 2016-06-16 16:43:32,853 repast.simphony.util.ClassUtilities - Utilities.findMethod: warning, could not find method 'end([])' in class repastcity3.main.ContextManager, returning null
ERROR [AWT-EventQueue-0] 2016-06-16 16:43:32,855 repast.simphony.ui.RSApplication - Error while initializing simulation
java.lang.IllegalArgumentException: Method repastcity3.main.ContextManager.end() not found!
	at repast.simphony.engine.schedule.CallBackAction.initMethod(CallBackAction.java:101)
	at repast.simphony.engine.schedule.CallBackAction.<init>(CallBackAction.java:79)
	at repast.simphony.engine.schedule.DefaultActionFactory.createAction(DefaultActionFactory.java:45)
	at repast.simphony.engine.schedule.DefaultSchedulableActionFactory.createAction(DefaultSchedulableActionFactory.java:81)
	at repast.simphony.engine.schedule.Schedule.schedule(Schedule.java:191)
	at repastcity3.main.ContextManager.build(ContextManager.java:232)
	at repast.simphony.dataLoader.engine.ClassNameContextBuilder.build(ClassNameContextBuilder.java:41)
	at repast.simphony.dataLoader.engine.DataLoaderControllerAction.runInitialize(DataLoaderControllerAction.java:48)
	at repast.simphony.engine.controller.DefaultController$2.visit(DefaultController.java:214)
	at repast.simphony.engine.controller.DefaultController$2.visit(DefaultController.java:1)
	at repast.simphony.util.collections.NaryTree.preOrderTraverals(NaryTree.java:287)
	at repast.simphony.util.collections.NaryTree.preOrderTraverals(NaryTree.java:290)
	at repast.simphony.util.collections.NaryTree.preOrderTraverals(NaryTree.java:290)
	at repast.simphony.util.collections.NaryTree.preOrderTraversal(NaryTree.java:283)
	at repast.simphony.engine.controller.DefaultController.runInitialize(DefaultController.java:212)
	at repast.simphony.engine.controller.DefaultController.runInitialize(DefaultController.java:383)
	at repast.simphony.ui.RSApplication.initSim(RSApplication.java:160)
	at repast.simphony.ui.action.InitRun.actionPerformed(InitRun.java:17)
	at javax.swing.AbstractButton.fireActionPerformed(Unknown Source)
	at javax.swing.AbstractButton$Handler.actionPerformed(Unknown Source)
	at javax.swing.DefaultButtonModel.fireActionPerformed(Unknown Source)
	at javax.swing.DefaultButtonModel.setPressed(Unknown Source)
	at javax.swing.plaf.basic.BasicButtonListener.mouseReleased(Unknown Source)
	at java.awt.AWTEventMulticaster.mouseReleased(Unknown Source)
	at java.awt.Component.processMouseEvent(Unknown Source)
	at javax.swing.JComponent.processMouseEvent(Unknown Source)
	at java.awt.Component.processEvent(Unknown Source)
	at java.awt.Container.processEvent(Unknown Source)
	at java.awt.Component.dispatchEventImpl(Unknown Source)
	at java.awt.Container.dispatchEventImpl(Unknown Source)
	at java.awt.Component.dispatchEvent(Unknown Source)
	at java.awt.LightweightDispatcher.retargetMouseEvent(Unknown Source)
	at java.awt.LightweightDispatcher.processMouseEvent(Unknown Source)
	at java.awt.LightweightDispatcher.dispatchEvent(Unknown Source)
	at java.awt.Container.dispatchEventImpl(Unknown Source)
	at java.awt.Window.dispatchEventImpl(Unknown Source)
	at java.awt.Component.dispatchEvent(Unknown Source)
	at java.awt.EventQueue.dispatchEventImpl(Unknown Source)
	at java.awt.EventQueue.access$500(Unknown Source)
	at java.awt.EventQueue$3.run(Unknown Source)
	at java.awt.EventQueue$3.run(Unknown Source)
	at java.security.AccessController.doPrivileged(Native Method)
	at java.security.ProtectionDomain$JavaSecurityAccessImpl.doIntersectionPrivilege(Unknown Source)
	at java.security.ProtectionDomain$JavaSecurityAccessImpl.doIntersectionPrivilege(Unknown Source)
	at java.awt.EventQueue$4.run(Unknown Source)
	at java.awt.EventQueue$4.run(Unknown Source)
	at java.security.AccessController.doPrivileged(Native Method)
	at java.security.ProtectionDomain$JavaSecurityAccessImpl.doIntersectionPrivilege(Unknown Source)
	at java.awt.EventQueue.dispatchEvent(Unknown Source)
	at java.awt.EventDispatchThread.pumpOneEventForFilters(Unknown Source)
	at java.awt.EventDispatchThread.pumpEventsForFilter(Unknown Source)
	at java.awt.EventDispatchThread.pumpEventsForHierarchy(Unknown Source)
	at java.awt.EventDispatchThread.pumpEvents(Unknown Source)
	at java.awt.EventDispatchThread.pumpEvents(Unknown Source)
	at java.awt.EventDispatchThread.run(Unknown Source)
WARN  [AWT-EventQueue-0] 2016-06-16 16:44:17,084 repast.simphony.util.ClassUtilities - Utilities.findMethod: warning, could not find method 'end([])' in class repastcity3.main.ContextManager, returning null
ERROR [AWT-EventQueue-0] 2016-06-16 16:44:17,085 repast.simphony.ui.RSApplication - Error while initializing simulation
java.lang.IllegalArgumentException: Method repastcity3.main.ContextManager.end() not found!
	at repast.simphony.engine.schedule.CallBackAction.initMethod(CallBackAction.java:101)
	at repast.simphony.engine.schedule.CallBackAction.<init>(CallBackAction.java:79)
	at repast.simphony.engine.schedule.DefaultActionFactory.createAction(DefaultActionFactory.java:45)
	at repast.simphony.engine.schedule.DefaultSchedulableActionFactory.createAction(DefaultSchedulableActionFactory.java:81)
	at repast.simphony.engine.schedule.Schedule.schedule(Schedule.java:191)
	at repastcity3.main.ContextManager.build(ContextManager.java:232)
	at repast.simphony.dataLoader.engine.ClassNameContextBuilder.build(ClassNameContextBuilder.java:41)
	at repast.simphony.dataLoader.engine.DataLoaderControllerAction.runInitialize(DataLoaderControllerAction.java:48)
	at repast.simphony.engine.controller.DefaultController$2.visit(DefaultController.java:214)
	at repast.simphony.engine.controller.DefaultController$2.visit(DefaultController.java:1)
	at repast.simphony.util.collections.NaryTree.preOrderTraverals(NaryTree.java:287)
	at repast.simphony.util.collections.NaryTree.preOrderTraverals(NaryTree.java:290)
	at repast.simphony.util.collections.NaryTree.preOrderTraverals(NaryTree.java:290)
	at repast.simphony.util.collections.NaryTree.preOrderTraversal(NaryTree.java:283)
	at repast.simphony.engine.controller.DefaultController.runInitialize(DefaultController.java:212)
	at repast.simphony.engine.controller.DefaultController.runInitialize(DefaultController.java:383)
	at repast.simphony.ui.RSApplication.initSim(RSApplication.java:160)
	at repast.simphony.ui.RSApplication.start(RSApplication.java:192)
	at repast.simphony.ui.action.StartRun.actionPerformed(StartRun.java:17)
	at javax.swing.AbstractButton.fireActionPerformed(Unknown Source)
	at javax.swing.AbstractButton$Handler.actionPerformed(Unknown Source)
	at javax.swing.DefaultButtonModel.fireActionPerformed(Unknown Source)
	at javax.swing.DefaultButtonModel.setPressed(Unknown Source)
	at javax.swing.plaf.basic.BasicButtonListener.mouseReleased(Unknown Source)
	at java.awt.AWTEventMulticaster.mouseReleased(Unknown Source)
	at java.awt.Component.processMouseEvent(Unknown Source)
	at javax.swing.JComponent.processMouseEvent(Unknown Source)
	at java.awt.Component.processEvent(Unknown Source)
	at java.awt.Container.processEvent(Unknown Source)
	at java.awt.Component.dispatchEventImpl(Unknown Source)
	at java.awt.Container.dispatchEventImpl(Unknown Source)
	at java.awt.Component.dispatchEvent(Unknown Source)
	at java.awt.LightweightDispatcher.retargetMouseEvent(Unknown Source)
	at java.awt.LightweightDispatcher.processMouseEvent(Unknown Source)
	at java.awt.LightweightDispatcher.dispatchEvent(Unknown Source)
	at java.awt.Container.dispatchEventImpl(Unknown Source)
	at java.awt.Window.dispatchEventImpl(Unknown Source)
	at java.awt.Component.dispatchEvent(Unknown Source)
	at java.awt.EventQueue.dispatchEventImpl(Unknown Source)
	at java.awt.EventQueue.access$500(Unknown Source)
	at java.awt.EventQueue$3.run(Unknown Source)
	at java.awt.EventQueue$3.run(Unknown Source)
	at java.security.AccessController.doPrivileged(Native Method)
	at java.security.ProtectionDomain$JavaSecurityAccessImpl.doIntersectionPrivilege(Unknown Source)
	at java.security.ProtectionDomain$JavaSecurityAccessImpl.doIntersectionPrivilege(Unknown Source)
	at java.awt.EventQueue$4.run(Unknown Source)
	at java.awt.EventQueue$4.run(Unknown Source)
	at java.security.AccessController.doPrivileged(Native Method)
	at java.security.ProtectionDomain$JavaSecurityAccessImpl.doIntersectionPrivilege(Unknown Source)
	at java.awt.EventQueue.dispatchEvent(Unknown Source)
	at java.awt.EventDispatchThread.pumpOneEventForFilters(Unknown Source)
	at java.awt.EventDispatchThread.pumpEventsForFilter(Unknown Source)
	at java.awt.EventDispatchThread.pumpEventsForHierarchy(Unknown Source)
	at java.awt.EventDispatchThread.pumpEvents(Unknown Source)
	at java.awt.EventDispatchThread.pumpEvents(Unknown Source)
	at java.awt.EventDispatchThread.run(Unknown Source)
FATAL [AWT-EventQueue-0] 2016-06-28 14:45:52,932 repast.simphony.ui.RSUIPlugin - Fatal error starting Repast
java.lang.Error: Unresolved compilation problem: 
	The import export cannot be resolved

	at repastcity3.main.ContextManager.<init>(ContextManager.java:39)
	at sun.reflect.NativeConstructorAccessorImpl.newInstance0(Native Method)
	at sun.reflect.NativeConstructorAccessorImpl.newInstance(Unknown Source)
	at sun.reflect.DelegatingConstructorAccessorImpl.newInstance(Unknown Source)
	at java.lang.reflect.Constructor.newInstance(Unknown Source)
	at java.lang.Class.newInstance(Unknown Source)
	at repast.simphony.dataLoader.engine.ClassNameContextBuilder.<init>(ClassNameContextBuilder.java:21)
	at repast.simphony.dataLoader.engine.ClassNameDataLoaderAction.<init>(ClassNameDataLoaderAction.java:23)
	at repast.simphony.dataLoader.engine.CNDataLoaderActionLoader.performLoad(CNDataLoaderActionLoader.java:35)
	at repast.simphony.scenario.AbstractActionLoader.loadAction(AbstractActionLoader.java:35)
	at repast.simphony.scenario.ScenarioFileLoader.createActions(ScenarioFileLoader.java:90)
	at repast.simphony.scenario.ScenarioFileLoader.load(ScenarioFileLoader.java:66)
	at repast.simphony.scenario.ScenarioLoader.load(ScenarioLoader.java:193)
	at repast.simphony.ui.RSApplication.open(RSApplication.java:353)
	at repast.simphony.ui.RSAppConfigurator.postWindowOpen(RSAppConfigurator.java:39)
	at saf.core.ui.GUICreatorDelegate.runDisplay(GUICreatorDelegate.java:188)
	at saf.core.ui.GUICreator$1.run(GUICreator.java:18)
	at simphony.util.ThreadUtilities$Runner.run(ThreadUtilities.java:33)
	at simphony.util.ThreadUtilities.runInEventThread(ThreadUtilities.java:47)
	at saf.core.ui.GUICreator.runDisplay(GUICreator.java:16)
	at repast.simphony.ui.RSUIPlugin$1.run(RSUIPlugin.java:104)
	at java.awt.event.InvocationEvent.dispatch(Unknown Source)
	at java.awt.EventQueue.dispatchEventImpl(Unknown Source)
	at java.awt.EventQueue.access$500(Unknown Source)
	at java.awt.EventQueue$3.run(Unknown Source)
	at java.awt.EventQueue$3.run(Unknown Source)
	at java.security.AccessController.doPrivileged(Native Method)
	at java.security.ProtectionDomain$JavaSecurityAccessImpl.doIntersectionPrivilege(Unknown Source)
	at java.awt.EventQueue.dispatchEvent(Unknown Source)
	at java.awt.EventDispatchThread.pumpOneEventForFilters(Unknown Source)
	at java.awt.EventDispatchThread.pumpEventsForFilter(Unknown Source)
	at java.awt.EventDispatchThread.pumpEventsForHierarchy(Unknown Source)
	at java.awt.EventDispatchThread.pumpEvents(Unknown Source)
	at java.awt.EventDispatchThread.pumpEvents(Unknown Source)
	at java.awt.EventDispatchThread.run(Unknown Source)
WARN  [AWT-EventQueue-0] 2016-06-28 14:46:28,429 repast.simphony.util.ClassUtilities - Utilities.findMethod: warning, could not find method 'end([])' in class repastcity3.main.ContextManager, returning null
ERROR [AWT-EventQueue-0] 2016-06-28 14:46:28,430 repast.simphony.ui.RSApplication - Error while initializing simulation
java.lang.IllegalArgumentException: Method repastcity3.main.ContextManager.end() not found!
	at repast.simphony.engine.schedule.CallBackAction.initMethod(CallBackAction.java:101)
	at repast.simphony.engine.schedule.CallBackAction.<init>(CallBackAction.java:79)
	at repast.simphony.engine.schedule.DefaultActionFactory.createAction(DefaultActionFactory.java:45)
	at repast.simphony.engine.schedule.DefaultSchedulableActionFactory.createAction(DefaultSchedulableActionFactory.java:81)
	at repast.simphony.engine.schedule.Schedule.schedule(Schedule.java:191)
	at repastcity3.main.ContextManager.build(ContextManager.java:231)
	at repast.simphony.dataLoader.engine.ClassNameContextBuilder.build(ClassNameContextBuilder.java:41)
	at repast.simphony.dataLoader.engine.DataLoaderControllerAction.runInitialize(DataLoaderControllerAction.java:48)
	at repast.simphony.engine.controller.DefaultController$2.visit(DefaultController.java:214)
	at repast.simphony.engine.controller.DefaultController$2.visit(DefaultController.java:1)
	at repast.simphony.util.collections.NaryTree.preOrderTraverals(NaryTree.java:287)
	at repast.simphony.util.collections.NaryTree.preOrderTraverals(NaryTree.java:290)
	at repast.simphony.util.collections.NaryTree.preOrderTraverals(NaryTree.java:290)
	at repast.simphony.util.collections.NaryTree.preOrderTraversal(NaryTree.java:283)
	at repast.simphony.engine.controller.DefaultController.runInitialize(DefaultController.java:212)
	at repast.simphony.engine.controller.DefaultController.runInitialize(DefaultController.java:383)
	at repast.simphony.ui.RSApplication.initSim(RSApplication.java:160)
	at repast.simphony.ui.action.InitRun.actionPerformed(InitRun.java:17)
	at javax.swing.AbstractButton.fireActionPerformed(Unknown Source)
	at javax.swing.AbstractButton$Handler.actionPerformed(Unknown Source)
	at javax.swing.DefaultButtonModel.fireActionPerformed(Unknown Source)
	at javax.swing.DefaultButtonModel.setPressed(Unknown Source)
	at javax.swing.plaf.basic.BasicButtonListener.mouseReleased(Unknown Source)
	at java.awt.AWTEventMulticaster.mouseReleased(Unknown Source)
	at java.awt.Component.processMouseEvent(Unknown Source)
	at javax.swing.JComponent.processMouseEvent(Unknown Source)
	at java.awt.Component.processEvent(Unknown Source)
	at java.awt.Container.processEvent(Unknown Source)
	at java.awt.Component.dispatchEventImpl(Unknown Source)
	at java.awt.Container.dispatchEventImpl(Unknown Source)
	at java.awt.Component.dispatchEvent(Unknown Source)
	at java.awt.LightweightDispatcher.retargetMouseEvent(Unknown Source)
	at java.awt.LightweightDispatcher.processMouseEvent(Unknown Source)
	at java.awt.LightweightDispatcher.dispatchEvent(Unknown Source)
	at java.awt.Container.dispatchEventImpl(Unknown Source)
	at java.awt.Window.dispatchEventImpl(Unknown Source)
	at java.awt.Component.dispatchEvent(Unknown Source)
	at java.awt.EventQueue.dispatchEventImpl(Unknown Source)
	at java.awt.EventQueue.access$500(Unknown Source)
	at java.awt.EventQueue$3.run(Unknown Source)
	at java.awt.EventQueue$3.run(Unknown Source)
	at java.security.AccessController.doPrivileged(Native Method)
	at java.security.ProtectionDomain$JavaSecurityAccessImpl.doIntersectionPrivilege(Unknown Source)
	at java.security.ProtectionDomain$JavaSecurityAccessImpl.doIntersectionPrivilege(Unknown Source)
	at java.awt.EventQueue$4.run(Unknown Source)
	at java.awt.EventQueue$4.run(Unknown Source)
	at java.security.AccessController.doPrivileged(Native Method)
	at java.security.ProtectionDomain$JavaSecurityAccessImpl.doIntersectionPrivilege(Unknown Source)
	at java.awt.EventQueue.dispatchEvent(Unknown Source)
	at java.awt.EventDispatchThread.pumpOneEventForFilters(Unknown Source)
	at java.awt.EventDispatchThread.pumpEventsForFilter(Unknown Source)
	at java.awt.EventDispatchThread.pumpEventsForHierarchy(Unknown Source)
	at java.awt.EventDispatchThread.pumpEvents(Unknown Source)
	at java.awt.EventDispatchThread.pumpEvents(Unknown Source)
	at java.awt.EventDispatchThread.run(Unknown Source)
WARN  [AWT-EventQueue-0] 2016-06-28 14:56:39,385 repast.simphony.scenario.ScenarioLoader - Class path not found
java.lang.ClassNotFoundException: export.MyInitializer
	at org.java.plugin.standard.StandardPluginClassLoader.loadClass(Unknown Source)
	at java.lang.ClassLoader.loadClass(Unknown Source)
	at java.lang.Class.forName0(Native Method)
	at java.lang.Class.forName(Unknown Source)
	at repast.simphony.scenario.Scenario.getModelInitializer(Scenario.java:74)
	at repast.simphony.scenario.ScenarioLoader.load(ScenarioLoader.java:202)
	at repast.simphony.ui.RSApplication.open(RSApplication.java:353)
	at repast.simphony.ui.RSAppConfigurator.postWindowOpen(RSAppConfigurator.java:39)
	at saf.core.ui.GUICreatorDelegate.runDisplay(GUICreatorDelegate.java:188)
	at saf.core.ui.GUICreator$1.run(GUICreator.java:18)
	at simphony.util.ThreadUtilities$Runner.run(ThreadUtilities.java:33)
	at simphony.util.ThreadUtilities.runInEventThread(ThreadUtilities.java:47)
	at saf.core.ui.GUICreator.runDisplay(GUICreator.java:16)
	at repast.simphony.ui.RSUIPlugin$1.run(RSUIPlugin.java:104)
	at java.awt.event.InvocationEvent.dispatch(Unknown Source)
	at java.awt.EventQueue.dispatchEventImpl(Unknown Source)
	at java.awt.EventQueue.access$500(Unknown Source)
	at java.awt.EventQueue$3.run(Unknown Source)
	at java.awt.EventQueue$3.run(Unknown Source)
	at java.security.AccessController.doPrivileged(Native Method)
	at java.security.ProtectionDomain$JavaSecurityAccessImpl.doIntersectionPrivilege(Unknown Source)
	at java.awt.EventQueue.dispatchEvent(Unknown Source)
	at java.awt.EventDispatchThread.pumpOneEventForFilters(Unknown Source)
	at java.awt.EventDispatchThread.pumpEventsForFilter(Unknown Source)
	at java.awt.EventDispatchThread.pumpEventsForHierarchy(Unknown Source)
	at java.awt.EventDispatchThread.pumpEvents(Unknown Source)
	at java.awt.EventDispatchThread.pumpEvents(Unknown Source)
	at java.awt.EventDispatchThread.run(Unknown Source)
WARN  [AWT-EventQueue-0] 2016-06-28 15:10:14,510 repast.simphony.scenario.ScenarioLoader - Class path not found
java.lang.ClassNotFoundException: RepastCityExport.MyInitializer
	at org.java.plugin.standard.StandardPluginClassLoader.loadClass(Unknown Source)
	at java.lang.ClassLoader.loadClass(Unknown Source)
	at java.lang.Class.forName0(Native Method)
	at java.lang.Class.forName(Unknown Source)
	at repast.simphony.scenario.Scenario.getModelInitializer(Scenario.java:74)
	at repast.simphony.scenario.ScenarioLoader.load(ScenarioLoader.java:202)
	at repast.simphony.ui.RSApplication.open(RSApplication.java:353)
	at repast.simphony.ui.RSAppConfigurator.postWindowOpen(RSAppConfigurator.java:39)
	at saf.core.ui.GUICreatorDelegate.runDisplay(GUICreatorDelegate.java:188)
	at saf.core.ui.GUICreator$1.run(GUICreator.java:18)
	at simphony.util.ThreadUtilities$Runner.run(ThreadUtilities.java:33)
	at simphony.util.ThreadUtilities.runInEventThread(ThreadUtilities.java:47)
	at saf.core.ui.GUICreator.runDisplay(GUICreator.java:16)
	at repast.simphony.ui.RSUIPlugin$1.run(RSUIPlugin.java:104)
	at java.awt.event.InvocationEvent.dispatch(Unknown Source)
	at java.awt.EventQueue.dispatchEventImpl(Unknown Source)
	at java.awt.EventQueue.access$500(Unknown Source)
	at java.awt.EventQueue$3.run(Unknown Source)
	at java.awt.EventQueue$3.run(Unknown Source)
	at java.security.AccessController.doPrivileged(Native Method)
	at java.security.ProtectionDomain$JavaSecurityAccessImpl.doIntersectionPrivilege(Unknown Source)
	at java.awt.EventQueue.dispatchEvent(Unknown Source)
	at java.awt.EventDispatchThread.pumpOneEventForFilters(Unknown Source)
	at java.awt.EventDispatchThread.pumpEventsForFilter(Unknown Source)
	at java.awt.EventDispatchThread.pumpEventsForHierarchy(Unknown Source)
	at java.awt.EventDispatchThread.pumpEvents(Unknown Source)
	at java.awt.EventDispatchThread.pumpEvents(Unknown Source)
	at java.awt.EventDispatchThread.run(Unknown Source)
WARN  [AWT-EventQueue-0] 2016-06-28 15:12:13,777 repast.simphony.scenario.ScenarioLoader - Class path not found
java.lang.ClassNotFoundException: RepastCityExport.MyInitializer
	at org.java.plugin.standard.StandardPluginClassLoader.loadClass(Unknown Source)
	at java.lang.ClassLoader.loadClass(Unknown Source)
	at java.lang.Class.forName0(Native Method)
	at java.lang.Class.forName(Unknown Source)
	at repast.simphony.scenario.Scenario.getModelInitializer(Scenario.java:74)
	at repast.simphony.scenario.ScenarioLoader.load(ScenarioLoader.java:202)
	at repast.simphony.ui.RSApplication.open(RSApplication.java:353)
	at repast.simphony.ui.RSAppConfigurator.postWindowOpen(RSAppConfigurator.java:39)
	at saf.core.ui.GUICreatorDelegate.runDisplay(GUICreatorDelegate.java:188)
	at saf.core.ui.GUICreator$1.run(GUICreator.java:18)
	at simphony.util.ThreadUtilities$Runner.run(ThreadUtilities.java:33)
	at simphony.util.ThreadUtilities.runInEventThread(ThreadUtilities.java:47)
	at saf.core.ui.GUICreator.runDisplay(GUICreator.java:16)
	at repast.simphony.ui.RSUIPlugin$1.run(RSUIPlugin.java:104)
	at java.awt.event.InvocationEvent.dispatch(Unknown Source)
	at java.awt.EventQueue.dispatchEventImpl(Unknown Source)
	at java.awt.EventQueue.access$500(Unknown Source)
	at java.awt.EventQueue$3.run(Unknown Source)
	at java.awt.EventQueue$3.run(Unknown Source)
	at java.security.AccessController.doPrivileged(Native Method)
	at java.security.ProtectionDomain$JavaSecurityAccessImpl.doIntersectionPrivilege(Unknown Source)
	at java.awt.EventQueue.dispatchEvent(Unknown Source)
	at java.awt.EventDispatchThread.pumpOneEventForFilters(Unknown Source)
	at java.awt.EventDispatchThread.pumpEventsForFilter(Unknown Source)
	at java.awt.EventDispatchThread.pumpEventsForHierarchy(Unknown Source)
	at java.awt.EventDispatchThread.pumpEvents(Unknown Source)
	at java.awt.EventDispatchThread.pumpEvents(Unknown Source)
	at java.awt.EventDispatchThread.run(Unknown Source)
WARN  [AWT-EventQueue-0] 2016-06-28 15:14:42,475 repast.simphony.scenario.ScenarioLoader - Class path not found
java.lang.ClassNotFoundException: RepastCityExport.MyInitializer
	at org.java.plugin.standard.StandardPluginClassLoader.loadClass(Unknown Source)
	at java.lang.ClassLoader.loadClass(Unknown Source)
	at java.lang.Class.forName0(Native Method)
	at java.lang.Class.forName(Unknown Source)
	at repast.simphony.scenario.Scenario.getModelInitializer(Scenario.java:74)
	at repast.simphony.scenario.ScenarioLoader.load(ScenarioLoader.java:202)
	at repast.simphony.ui.RSApplication.open(RSApplication.java:353)
	at repast.simphony.ui.RSAppConfigurator.postWindowOpen(RSAppConfigurator.java:39)
	at saf.core.ui.GUICreatorDelegate.runDisplay(GUICreatorDelegate.java:188)
	at saf.core.ui.GUICreator$1.run(GUICreator.java:18)
	at simphony.util.ThreadUtilities$Runner.run(ThreadUtilities.java:33)
	at simphony.util.ThreadUtilities.runInEventThread(ThreadUtilities.java:47)
	at saf.core.ui.GUICreator.runDisplay(GUICreator.java:16)
	at repast.simphony.ui.RSUIPlugin$1.run(RSUIPlugin.java:104)
	at java.awt.event.InvocationEvent.dispatch(Unknown Source)
	at java.awt.EventQueue.dispatchEventImpl(Unknown Source)
	at java.awt.EventQueue.access$500(Unknown Source)
	at java.awt.EventQueue$3.run(Unknown Source)
	at java.awt.EventQueue$3.run(Unknown Source)
	at java.security.AccessController.doPrivileged(Native Method)
	at java.security.ProtectionDomain$JavaSecurityAccessImpl.doIntersectionPrivilege(Unknown Source)
	at java.awt.EventQueue.dispatchEvent(Unknown Source)
	at java.awt.EventDispatchThread.pumpOneEventForFilters(Unknown Source)
	at java.awt.EventDispatchThread.pumpEventsForFilter(Unknown Source)
	at java.awt.EventDispatchThread.pumpEventsForHierarchy(Unknown Source)
	at java.awt.EventDispatchThread.pumpEvents(Unknown Source)
	at java.awt.EventDispatchThread.pumpEvents(Unknown Source)
	at java.awt.EventDispatchThread.run(Unknown Source)
WARN  [AWT-EventQueue-0] 2016-06-28 15:16:31,759 repast.simphony.scenario.ScenarioLoader - Class path not found
java.lang.ClassNotFoundException: RepastCityExport.MyInitializer
	at org.java.plugin.standard.StandardPluginClassLoader.loadClass(Unknown Source)
	at java.lang.ClassLoader.loadClass(Unknown Source)
	at java.lang.Class.forName0(Native Method)
	at java.lang.Class.forName(Unknown Source)
	at repast.simphony.scenario.Scenario.getModelInitializer(Scenario.java:74)
	at repast.simphony.scenario.ScenarioLoader.load(ScenarioLoader.java:202)
	at repast.simphony.ui.RSApplication.open(RSApplication.java:353)
	at repast.simphony.ui.RSAppConfigurator.postWindowOpen(RSAppConfigurator.java:39)
	at saf.core.ui.GUICreatorDelegate.runDisplay(GUICreatorDelegate.java:188)
	at saf.core.ui.GUICreator$1.run(GUICreator.java:18)
	at simphony.util.ThreadUtilities$Runner.run(ThreadUtilities.java:33)
	at simphony.util.ThreadUtilities.runInEventThread(ThreadUtilities.java:47)
	at saf.core.ui.GUICreator.runDisplay(GUICreator.java:16)
	at repast.simphony.ui.RSUIPlugin$1.run(RSUIPlugin.java:104)
	at java.awt.event.InvocationEvent.dispatch(Unknown Source)
	at java.awt.EventQueue.dispatchEventImpl(Unknown Source)
	at java.awt.EventQueue.access$500(Unknown Source)
	at java.awt.EventQueue$3.run(Unknown Source)
	at java.awt.EventQueue$3.run(Unknown Source)
	at java.security.AccessController.doPrivileged(Native Method)
	at java.security.ProtectionDomain$JavaSecurityAccessImpl.doIntersectionPrivilege(Unknown Source)
	at java.awt.EventQueue.dispatchEvent(Unknown Source)
	at java.awt.EventDispatchThread.pumpOneEventForFilters(Unknown Source)
	at java.awt.EventDispatchThread.pumpEventsForFilter(Unknown Source)
	at java.awt.EventDispatchThread.pumpEventsForHierarchy(Unknown Source)
	at java.awt.EventDispatchThread.pumpEvents(Unknown Source)
	at java.awt.EventDispatchThread.pumpEvents(Unknown Source)
	at java.awt.EventDispatchThread.run(Unknown Source)
FATAL [AWT-EventQueue-0] 2016-09-02 16:58:32,079 repast.simphony.ui.RSUIPlugin - Fatal error starting Repast
java.lang.Error: Unresolved compilation problems: 
	The method initialize(Scenario, RunEnvironmentBuilder) of type MyInitializer must override a superclass method
	The method stopped() of type new RunListener(){} must override a superclass method
	The method started() of type new RunListener(){} must override a superclass method
	The method restarted() of type new RunListener(){} must override a superclass method
	The method paused() of type new RunListener(){} must override a superclass method

	at RepastCityExport.MyInitializer.initialize(MyInitializer.java:14)
	at repast.simphony.scenario.ScenarioLoader.load(ScenarioLoader.java:202)
	at repast.simphony.ui.RSApplication.open(RSApplication.java:353)
	at repast.simphony.ui.RSAppConfigurator.postWindowOpen(RSAppConfigurator.java:39)
	at saf.core.ui.GUICreatorDelegate.runDisplay(GUICreatorDelegate.java:188)
	at saf.core.ui.GUICreator$1.run(GUICreator.java:18)
	at simphony.util.ThreadUtilities$Runner.run(ThreadUtilities.java:33)
	at simphony.util.ThreadUtilities.runInEventThread(ThreadUtilities.java:47)
	at saf.core.ui.GUICreator.runDisplay(GUICreator.java:16)
	at repast.simphony.ui.RSUIPlugin$1.run(RSUIPlugin.java:104)
	at java.awt.event.InvocationEvent.dispatch(Unknown Source)
	at java.awt.EventQueue.dispatchEventImpl(Unknown Source)
	at java.awt.EventQueue.access$500(Unknown Source)
	at java.awt.EventQueue$3.run(Unknown Source)
	at java.awt.EventQueue$3.run(Unknown Source)
	at java.security.AccessController.doPrivileged(Native Method)
	at java.security.ProtectionDomain$JavaSecurityAccessImpl.doIntersectionPrivilege(Unknown Source)
	at java.awt.EventQueue.dispatchEvent(Unknown Source)
	at java.awt.EventDispatchThread.pumpOneEventForFilters(Unknown Source)
	at java.awt.EventDispatchThread.pumpEventsForFilter(Unknown Source)
	at java.awt.EventDispatchThread.pumpEventsForHierarchy(Unknown Source)
	at java.awt.EventDispatchThread.pumpEvents(Unknown Source)
	at java.awt.EventDispatchThread.pumpEvents(Unknown Source)
	at java.awt.EventDispatchThread.run(Unknown Source)
